<?xml version="1.0" encoding="UTF-8"?>
<testsuite xmlns:xsi="http://www.w3.org/2001/XMLSchema-instance" xsi:noNamespaceSchemaLocation="https://maven.apache.org/surefire/maven-surefire-plugin/xsd/surefire-test-report.xsd" name="com.ernestasapp.SynalogikFileInfo.FileInfoTest" time="0.051" tests="5" errors="0" skipped="0" failures="0">
  <properties>
[...]
</properties>
  <testcase name="testInvalidFile" classname="com.ernestasapp.SynalogikFileInfo.FileInfoTest" time="0.029"/>
  <testcase name="testEmptyFile" classname="com.ernestasapp.SynalogikFileInfo.FileInfoTest" time="0.007"/>
  <testcase name="testOutput" classname="com.ernestasapp.SynalogikFileInfo.FileInfoTest" time="0.007"/>
  <testcase name="testValues" classname="com.ernestasapp.SynalogikFileInfo.FileInfoTest" time="0.002"/>
  <testcase name="testConstructor" classname="com.ernestasapp.SynalogikFileInfo.FileInfoTest" time="0"/>
</testsuite>